nohup: ignoring input
2024-07-16T15:28:31.280Z main WARN The use of package scanning to locate plugins is deprecated and will be removed in a future release
2024-07-16T15:28:31.291Z main WARN The use of package scanning to locate plugins is deprecated and will be removed in a future release
2024-07-16T15:28:31.294Z main WARN The use of package scanning to locate plugins is deprecated and will be removed in a future release
2024-07-16T15:28:31.312Z main WARN The use of package scanning to locate plugins is deprecated and will be removed in a future release
23:28:31.420 [main] INFO  com.example.Project - MVN_SCRIPT_PATH: /home/ubuntu/disMutTool/bin/mvn-runner-no-breaking.sh
23:28:31.422 [main] INFO  com.example.Project - ANT_SCRIPT_PATH: /home/ubuntu/disMutTool/bin/ant-runner-no-breaking.sh
23:28:31.442 [main] INFO  com.example.Project - Project Information:
23:28:31.442 [main] INFO  com.example.Project - basePath: /home/ubuntu/distributedSystems/zk/apache-zookeeper-3.5.8/zookeeper-server
23:28:31.442 [main] INFO  com.example.Project - srcFileLs: 
23:28:31.442 [main] INFO  com.example.Project - mutators: 
23:28:31.442 [main] INFO  com.example.Project -     MNR
23:28:31.443 [main] INFO  com.example.Project -     MNT
23:28:31.443 [main] INFO  com.example.Project -     RRC
23:28:31.443 [main] INFO  com.example.Project -     RNE
23:28:31.443 [main] INFO  com.example.Project -     BCS
23:28:31.443 [main] INFO  com.example.Project -     RCS
23:28:31.443 [main] INFO  com.example.Project -     NCS
23:28:31.443 [main] INFO  com.example.Project -     SCS
23:28:31.443 [main] INFO  com.example.Project -     RTS
23:28:31.443 [main] INFO  com.example.Project -     RCE
23:28:31.443 [main] INFO  com.example.Project -     MCT
23:28:31.443 [main] INFO  com.example.Project -     RCF
23:28:31.443 [main] INFO  com.example.Project -     RFE
23:28:31.443 [main] INFO  com.example.Project - projectType: MAVEN
23:28:31.443 [main] INFO  com.example.Project - buildOutputPath: /home/ubuntu/distributedSystems/zk/apache-zookeeper-3.5.8/zookeeper-server/target/classes
23:28:31.443 [main] INFO  com.example.Project - MVN_SCRIPT_PATH: /home/ubuntu/disMutTool/bin/mvn-runner-no-breaking.sh
23:28:31.444 [main] INFO  com.example.Project - ANT_SCRIPT_PATH: /home/ubuntu/disMutTool/bin/ant-runner-no-breaking.sh
23:28:31.444 [main] INFO  com.example.Project - MUTANT_OUTPUT_PATH: /home/ubuntu/outputs/zkMutation
23:28:31.444 [main] INFO  com.example.Project - MUTANTS_PATH: /home/ubuntu/outputs/zkMutation/mutants
23:28:31.444 [main] INFO  com.example.Project - ORIGINAL_PATH: /home/ubuntu/outputs/zkMutation/original
23:28:31.444 [main] INFO  com.example.Project - ORIGINAL_BYTECODE_PATH: /home/ubuntu/outputs/zkMutation/originalBytecode
23:28:31.444 [main] INFO  com.example.Project - OUTPUTS_PATH: /home/ubuntu/outputs/zkMutation/testOutputs
23:28:31.444 [main] INFO  com.example.App - Using coverage runner
23:28:31.452 [main] INFO  com.example.utils.TestRunnerUtil - Absolute path of mvn.sh: /tmp/resources5967861050577888195/mvn.sh
23:28:31.452 [main] INFO  com.example.mutantgen.MutantGenerator - 

PHASE: Generate initial mutants for project: /home/ubuntu/distributedSystems/zk/apache-zookeeper-3.5.8/zookeeper-server ...


23:28:34.257 [main] INFO  com.example.mutator.MutantGen - Generating RNE mutant: ZKHostnameVerifier_RNE_1.java
23:28:34.306 [main] INFO  com.example.mutator.MutantGen - Generating RNE mutant: ZKHostnameVerifier_RNE_2.java
23:28:35.009 [main] INFO  com.example.mutator.MutantGen - Generating BCS mutant: PathTrie_BCS_1.java
23:28:35.031 [main] INFO  com.example.mutator.MutantGen - Generating RCS mutant: PathTrie_RCS_1.java
23:28:35.043 [main] INFO  com.example.mutator.MutantGen - Generating RCS mutant: PathTrie_RCS_2.java
23:28:35.055 [main] INFO  com.example.mutator.MutantGen - Generating RCS mutant: PathTrie_RCS_3.java
23:28:35.067 [main] INFO  com.example.mutator.MutantGen - Generating RCS mutant: PathTrie_RCS_4.java
23:28:35.079 [main] INFO  com.example.mutator.MutantGen - Generating RCS mutant: PathTrie_RCS_5.java
23:28:35.109 [main] INFO  com.example.mutator.MutantGen - Generating NCS mutant: PathTrie_NCS_1.java
23:28:35.159 [main] INFO  com.example.mutator.MutantGen - Generating SCS mutant: PathTrie_SCS_1.java
23:28:35.170 [main] INFO  com.example.mutator.MutantGen - Generating SCS mutant: PathTrie_SCS_2.java
23:28:36.609 [main] INFO  com.example.mutator.MutantGen - Generating RCS mutant: Login_RCS_1.java
23:28:36.731 [main] INFO  com.example.mutator.MutantGen - Generating NCS mutant: Login_NCS_1.java
23:28:36.829 [main] INFO  com.example.mutator.MutantGen - Generating SCS mutant: Login_SCS_1.java
23:28:37.410 [main] INFO  com.example.mutator.MutantGen - Generating BCS mutant: ClientCnxnSocketNIO_BCS_1.java
23:28:37.461 [main] INFO  com.example.mutator.MutantGen - Generating RCS mutant: ClientCnxnSocketNIO_RCS_1.java
23:28:37.486 [main] INFO  com.example.mutator.MutantGen - Generating RCS mutant: ClientCnxnSocketNIO_RCS_2.java
23:28:39.842 [main] INFO  com.example.mutator.network.MNT - UnsolvedSymbolException in methodCallExpr - clientCnxnSocket.connect(addr)
23:28:40.134 [main] INFO  com.example.mutator.MutantGen - Generating MNT mutant: ClientCnxn_MNT_1.java
23:28:40.720 [main] INFO  com.example.mutator.MutantGen - Generating RRC mutant: ClientCnxn_RRC_1.java
23:28:41.549 [main] INFO  com.example.mutator.MutantGen - Generating BCS mutant: ClientCnxn_BCS_1.java
23:28:41.879 [main] INFO  com.example.mutator.MutantGen - Generating BCS mutant: ClientCnxn_BCS_2.java
23:28:42.152 [main] INFO  com.example.mutator.MutantGen - Generating BCS mutant: ClientCnxn_BCS_3.java
23:28:42.425 [main] INFO  com.example.mutator.MutantGen - Generating BCS mutant: ClientCnxn_BCS_4.java
23:28:42.721 [main] INFO  com.example.mutator.MutantGen - Generating BCS mutant: ClientCnxn_BCS_5.java
23:28:43.283 [main] INFO  com.example.mutator.MutantGen - Generating RCS mutant: ClientCnxn_RCS_1.java
23:28:43.620 [main] INFO  com.example.mutator.MutantGen - Generating RCS mutant: ClientCnxn_RCS_2.java
23:28:43.892 [main] INFO  com.example.mutator.MutantGen - Generating RCS mutant: ClientCnxn_RCS_3.java
23:28:44.193 [main] INFO  com.example.mutator.MutantGen - Generating RCS mutant: ClientCnxn_RCS_4.java
23:28:44.466 [main] INFO  com.example.mutator.MutantGen - Generating RCS mutant: ClientCnxn_RCS_5.java
23:28:44.741 [main] INFO  com.example.mutator.MutantGen - Generating RCS mutant: ClientCnxn_RCS_6.java
23:28:45.014 [main] INFO  com.example.mutator.MutantGen - Generating RCS mutant: ClientCnxn_RCS_7.java
23:28:45.553 [main] INFO  com.example.mutator.MutantGen - Generating RCS mutant: ClientCnxn_RCS_8.java
23:28:49.058 [main] INFO  com.example.mutator.MutantGen - Generating SCS mutant: ClientCnxn_SCS_1.java
23:28:49.343 [main] INFO  com.example.mutator.MutantGen - Generating SCS mutant: ClientCnxn_SCS_2.java
23:28:49.885 [main] INFO  com.example.mutator.MutantGen - Generating SCS mutant: ClientCnxn_SCS_3.java
23:28:51.514 [main] INFO  com.example.mutator.MutantGen - Generating MCT mutant: ClientCnxn_MCT_1.java
23:28:53.861 [main] INFO  com.example.mutator.MutantGen - Generating BCS mutant: ZooKeeper_BCS_1.java
23:28:54.107 [main] INFO  com.example.mutator.MutantGen - Generating BCS mutant: ZooKeeper_BCS_2.java
23:28:54.365 [main] INFO  com.example.mutator.MutantGen - Generating BCS mutant: ZooKeeper_BCS_3.java
23:28:54.745 [main] INFO  com.example.mutator.MutantGen - Generating BCS mutant: ZooKeeper_BCS_4.java
23:28:55.019 [main] INFO  com.example.mutator.MutantGen - Generating BCS mutant: ZooKeeper_BCS_5.java
23:28:55.263 [main] INFO  com.example.mutator.MutantGen - Generating BCS mutant: ZooKeeper_BCS_6.java
23:28:55.522 [main] INFO  com.example.mutator.MutantGen - Generating BCS mutant: ZooKeeper_BCS_7.java
23:28:55.765 [main] INFO  com.example.mutator.MutantGen - Generating BCS mutant: ZooKeeper_BCS_8.java
23:28:56.010 [main] INFO  com.example.mutator.MutantGen - Generating BCS mutant: ZooKeeper_BCS_9.java
23:28:56.255 [main] INFO  com.example.mutator.MutantGen - Generating BCS mutant: ZooKeeper_BCS_10.java
23:28:56.744 [main] INFO  com.example.mutator.MutantGen - Generating RCS mutant: ZooKeeper_RCS_1.java
23:28:56.987 [main] INFO  com.example.mutator.MutantGen - Generating RCS mutant: ZooKeeper_RCS_2.java
23:28:57.231 [main] INFO  com.example.mutator.MutantGen - Generating RCS mutant: ZooKeeper_RCS_3.java
23:28:57.493 [main] INFO  com.example.mutator.MutantGen - Generating RCS mutant: ZooKeeper_RCS_4.java
23:28:57.737 [main] INFO  com.example.mutator.MutantGen - Generating RCS mutant: ZooKeeper_RCS_5.java
23:28:57.980 [main] INFO  com.example.mutator.MutantGen - Generating RCS mutant: ZooKeeper_RCS_6.java
23:28:58.224 [main] INFO  com.example.mutator.MutantGen - Generating RCS mutant: ZooKeeper_RCS_7.java
23:28:58.468 [main] INFO  com.example.mutator.MutantGen - Generating RCS mutant: ZooKeeper_RCS_8.java
23:28:58.750 [main] INFO  com.example.mutator.MutantGen - Generating RCS mutant: ZooKeeper_RCS_9.java
23:28:58.992 [main] INFO  com.example.mutator.MutantGen - Generating RCS mutant: ZooKeeper_RCS_10.java
23:28:59.237 [main] INFO  com.example.mutator.MutantGen - Generating RCS mutant: ZooKeeper_RCS_11.java
23:28:59.481 [main] INFO  com.example.mutator.MutantGen - Generating RCS mutant: ZooKeeper_RCS_12.java
23:28:59.774 [main] INFO  com.example.mutator.MutantGen - Generating RCS mutant: ZooKeeper_RCS_13.java
23:29:00.019 [main] INFO  com.example.mutator.MutantGen - Generating RCS mutant: ZooKeeper_RCS_14.java
23:29:00.264 [main] INFO  com.example.mutator.MutantGen - Generating RCS mutant: ZooKeeper_RCS_15.java
23:29:00.509 [main] INFO  com.example.mutator.MutantGen - Generating RCS mutant: ZooKeeper_RCS_16.java
23:29:00.825 [main] INFO  com.example.mutator.MutantGen - Generating RCS mutant: ZooKeeper_RCS_17.java
23:29:01.069 [main] INFO  com.example.mutator.MutantGen - Generating RCS mutant: ZooKeeper_RCS_18.java
23:29:01.313 [main] INFO  com.example.mutator.MutantGen - Generating RCS mutant: ZooKeeper_RCS_19.java
23:29:01.600 [main] INFO  com.example.mutator.MutantGen - Generating RCS mutant: ZooKeeper_RCS_20.java
23:29:01.845 [main] INFO  com.example.mutator.MutantGen - Generating RCS mutant: ZooKeeper_RCS_21.java
23:29:02.091 [main] INFO  com.example.mutator.MutantGen - Generating RCS mutant: ZooKeeper_RCS_22.java
23:29:02.335 [main] INFO  com.example.mutator.MutantGen - Generating RCS mutant: ZooKeeper_RCS_23.java
23:29:02.640 [main] INFO  com.example.mutator.MutantGen - Generating RCS mutant: ZooKeeper_RCS_24.java
23:29:02.883 [main] INFO  com.example.mutator.MutantGen - Generating RCS mutant: ZooKeeper_RCS_25.java
23:29:09.306 [main] INFO  com.example.mutator.MutantGen - Generating NCS mutant: ZooKeeper_NCS_1.java
23:29:09.779 [main] INFO  com.example.mutator.MutantGen - Generating SCS mutant: ZooKeeper_SCS_1.java
23:29:10.023 [main] INFO  com.example.mutator.MutantGen - Generating SCS mutant: ZooKeeper_SCS_2.java
23:29:10.281 [main] INFO  com.example.mutator.MutantGen - Generating SCS mutant: ZooKeeper_SCS_3.java
23:29:11.009 [main] INFO  com.example.mutator.MutantGen - Generating SCS mutant: ZooKeeper_SCS_4.java
23:29:11.489 [main] INFO  com.example.mutator.MutantGen - Generating SCS mutant: ZooKeeper_SCS_5.java
23:29:11.735 [main] INFO  com.example.mutator.MutantGen - Generating SCS mutant: ZooKeeper_SCS_6.java
23:29:12.450 [main] INFO  com.example.mutator.MutantGen - Generating SCS mutant: ZooKeeper_SCS_7.java
23:29:12.925 [main] INFO  com.example.mutator.MutantGen - Generating SCS mutant: ZooKeeper_SCS_8.java
23:29:13.168 [main] INFO  com.example.mutator.MutantGen - Generating SCS mutant: ZooKeeper_SCS_9.java
23:29:13.420 [main] INFO  com.example.mutator.MutantGen - Generating SCS mutant: ZooKeeper_SCS_10.java
23:29:13.664 [main] INFO  com.example.mutator.MutantGen - Generating SCS mutant: ZooKeeper_SCS_11.java
23:29:13.908 [main] INFO  com.example.mutator.MutantGen - Generating SCS mutant: ZooKeeper_SCS_12.java
23:29:15.106 [main] INFO  com.example.mutator.MutantGen - Generating SCS mutant: ZooKeeper_SCS_13.java
23:29:15.589 [main] INFO  com.example.mutator.MutantGen - Generating SCS mutant: ZooKeeper_SCS_14.java
23:29:16.896 [main] INFO  com.example.mutator.network.MNT - UnsolvedSymbolException in methodCallExpr - bootstrap.connect(addr)
23:29:17.103 [main] INFO  com.example.mutator.MutantGen - Generating RCS mutant: ClientCnxnSocketNetty_RCS_1.java
23:29:17.351 [main] INFO  com.example.mutator.MutantGen - Generating RTS mutant: ClientCnxnSocketNetty_RTS_1.java
23:29:17.396 [main] INFO  com.example.mutator.MutantGen - Generating RTS mutant: ClientCnxnSocketNetty_RTS_2.java
23:29:17.440 [main] INFO  com.example.mutator.MutantGen - Generating RTS mutant: ClientCnxnSocketNetty_RTS_3.java
23:29:17.483 [main] INFO  com.example.mutator.MutantGen - Generating RTS mutant: ClientCnxnSocketNetty_RTS_4.java
23:29:17.526 [main] INFO  com.example.mutator.MutantGen - Generating RTS mutant: ClientCnxnSocketNetty_RTS_5.java
23:29:17.653 [main] INFO  com.example.mutator.MutantGen - Generating MCT mutant: ClientCnxnSocketNetty_MCT_1.java
23:29:17.937 [main] INFO  com.example.mutator.MutantGen - Generating BCS mutant: StaticHostProvider_BCS_1.java
23:29:17.974 [main] INFO  com.example.mutator.MutantGen - Generating RCS mutant: StaticHostProvider_RCS_1.java
23:29:18.012 [main] INFO  com.example.mutator.MutantGen - Generating NCS mutant: StaticHostProvider_NCS_1.java
23:29:18.049 [main] INFO  com.example.mutator.MutantGen - Generating SCS mutant: StaticHostProvider_SCS_1.java
23:29:18.159 [main] INFO  com.example.mutator.MutantGen - Generating MNT mutant: FourLetterWordMain_MNT_1.java
23:29:18.166 [main] INFO  com.example.mutator.MutantGen - Generating MNT mutant: FourLetterWordMain_MNT_2.java
23:29:18.174 [main] INFO  com.example.mutator.MutantGen - Generating MNT mutant: FourLetterWordMain_MNT_3.java
23:29:18.187 [main] INFO  com.example.mutator.MutantGen - Generating RRC mutant: FourLetterWordMain_RRC_1.java
23:29:18.419 [main] INFO  com.example.mutator.MutantGen - Generating RNE mutant: ZooKeeperSaslClient_RNE_1.java
23:29:18.455 [main] INFO  com.example.mutator.MutantGen - Generating RNE mutant: ZooKeeperSaslClient_RNE_2.java
23:29:18.491 [main] INFO  com.example.mutator.MutantGen - Generating RNE mutant: ZooKeeperSaslClient_RNE_3.java
23:29:18.525 [main] INFO  com.example.mutator.MutantGen - Generating RNE mutant: ZooKeeperSaslClient_RNE_4.java
23:29:18.560 [main] INFO  com.example.mutator.MutantGen - Generating RNE mutant: ZooKeeperSaslClient_RNE_5.java
23:29:18.595 [main] INFO  com.example.mutator.MutantGen - Generating RNE mutant: ZooKeeperSaslClient_RNE_6.java
23:29:18.698 [main] INFO  com.example.mutator.MutantGen - Generating RCS mutant: ZooKeeperSaslClient_RCS_1.java
23:29:18.732 [main] INFO  com.example.mutator.MutantGen - Generating RCS mutant: ZooKeeperSaslClient_RCS_2.java
23:29:21.234 [main] INFO  com.example.mutator.MutantGen - Generating RCS mutant: MBeanRegistry_RCS_1.java
23:29:21.243 [main] INFO  com.example.mutator.MutantGen - Generating RCS mutant: MBeanRegistry_RCS_2.java
23:29:21.280 [main] INFO  com.example.mutator.MutantGen - Generating SCS mutant: MBeanRegistry_SCS_1.java
23:29:25.437 [main] INFO  com.example.mutator.MutantGen - Generating RCF mutant: FileTxnSnapLog_RCF_1.java
23:29:25.466 [main] INFO  com.example.mutator.MutantGen - Generating RCF mutant: FileTxnSnapLog_RCF_2.java
23:29:25.495 [main] INFO  com.example.mutator.MutantGen - Generating RCF mutant: FileTxnSnapLog_RCF_3.java
23:29:25.523 [main] INFO  com.example.mutator.MutantGen - Generating RCF mutant: FileTxnSnapLog_RCF_4.java
23:29:26.005 [main] INFO  com.example.mutator.MutantGen - Generating BCS mutant: NettyServerCnxnFactory_BCS_1.java
23:29:26.077 [main] INFO  com.example.mutator.MutantGen - Generating BCS mutant: NettyServerCnxnFactory_BCS_2.java
23:29:26.215 [main] INFO  com.example.mutator.MutantGen - Generating RCS mutant: NettyServerCnxnFactory_RCS_1.java
23:29:26.285 [main] INFO  com.example.mutator.MutantGen - Generating RCS mutant: NettyServerCnxnFactory_RCS_2.java
23:29:26.355 [main] INFO  com.example.mutator.MutantGen - Generating RCS mutant: NettyServerCnxnFactory_RCS_3.java
23:29:26.425 [main] INFO  com.example.mutator.MutantGen - Generating RCS mutant: NettyServerCnxnFactory_RCS_4.java
23:29:26.497 [main] INFO  com.example.mutator.MutantGen - Generating RCS mutant: NettyServerCnxnFactory_RCS_5.java
23:29:26.839 [main] INFO  com.example.mutator.MutantGen - Generating NCS mutant: NettyServerCnxnFactory_NCS_1.java
23:29:27.178 [main] INFO  com.example.mutator.MutantGen - Generating SCS mutant: NettyServerCnxnFactory_SCS_1.java
23:29:27.249 [main] INFO  com.example.mutator.MutantGen - Generating SCS mutant: NettyServerCnxnFactory_SCS_2.java
23:29:27.319 [main] INFO  com.example.mutator.MutantGen - Generating SCS mutant: NettyServerCnxnFactory_SCS_3.java
23:29:28.390 [main] INFO  com.example.mutator.MutantGen - Generating BCS mutant: WatchManager_BCS_1.java
23:29:28.413 [main] INFO  com.example.mutator.MutantGen - Generating RCS mutant: WatchManager_RCS_1.java
23:29:28.435 [main] INFO  com.example.mutator.MutantGen - Generating NCS mutant: WatchManager_NCS_1.java
23:29:28.458 [main] INFO  com.example.mutator.MutantGen - Generating SCS mutant: WatchManager_SCS_1.java
23:29:31.059 [main] INFO  com.example.mutator.MutantGen - Generating RCS mutant: ZooKeeperServer_RCS_1.java
23:29:31.639 [main] INFO  com.example.mutator.MutantGen - Generating SCS mutant: ZooKeeperServer_SCS_1.java
23:29:32.216 [main] INFO  com.example.mutator.MutantGen - Generating MCT mutant: ZooKeeperServer_MCT_1.java
23:29:33.542 [main] INFO  com.example.mutator.MutantGen - Generating BCS mutant: PrepRequestProcessor_BCS_1.java
23:29:33.684 [main] INFO  com.example.mutator.MutantGen - Generating BCS mutant: PrepRequestProcessor_BCS_2.java
23:29:33.964 [main] INFO  com.example.mutator.MutantGen - Generating RCS mutant: PrepRequestProcessor_RCS_1.java
23:29:34.106 [main] INFO  com.example.mutator.MutantGen - Generating RCS mutant: PrepRequestProcessor_RCS_2.java
23:29:34.248 [main] INFO  com.example.mutator.MutantGen - Generating RCS mutant: PrepRequestProcessor_RCS_3.java
23:29:34.392 [main] INFO  com.example.mutator.MutantGen - Generating RCS mutant: PrepRequestProcessor_RCS_4.java
23:29:34.535 [main] INFO  com.example.mutator.MutantGen - Generating RCS mutant: PrepRequestProcessor_RCS_5.java
23:29:34.694 [main] INFO  com.example.mutator.MutantGen - Generating RCS mutant: PrepRequestProcessor_RCS_6.java
23:29:35.532 [main] INFO  com.example.mutator.MutantGen - Generating NCS mutant: PrepRequestProcessor_NCS_1.java
23:29:35.678 [main] INFO  com.example.mutator.MutantGen - Generating NCS mutant: PrepRequestProcessor_NCS_2.java
23:29:35.975 [main] INFO  com.example.mutator.MutantGen - Generating SCS mutant: PrepRequestProcessor_SCS_1.java
23:29:36.398 [main] INFO  com.example.mutator.MutantGen - Generating SCS mutant: PrepRequestProcessor_SCS_2.java
23:29:36.542 [main] INFO  com.example.mutator.MutantGen - Generating SCS mutant: PrepRequestProcessor_SCS_3.java
23:29:36.688 [main] INFO  com.example.mutator.MutantGen - Generating SCS mutant: PrepRequestProcessor_SCS_4.java
23:29:37.726 [main] INFO  com.example.mutator.MutantGen - Generating RTS mutant: ZKDatabase_RTS_1.java
23:29:37.758 [main] INFO  com.example.mutator.MutantGen - Generating RTS mutant: ZKDatabase_RTS_2.java
23:29:37.791 [main] INFO  com.example.mutator.MutantGen - Generating RTS mutant: ZKDatabase_RTS_3.java
23:29:38.873 [main] INFO  com.example.mutator.MutantGen - Generating BCS mutant: AuthFastLeaderElection_BCS_1.java
23:29:39.105 [main] INFO  com.example.mutator.MutantGen - Generating RCS mutant: AuthFastLeaderElection_RCS_1.java
23:29:39.235 [main] INFO  com.example.mutator.MutantGen - Generating RCS mutant: AuthFastLeaderElection_RCS_2.java
23:29:39.582 [main] INFO  com.example.mutator.MutantGen - Generating NCS mutant: AuthFastLeaderElection_NCS_1.java
23:29:39.815 [main] INFO  com.example.mutator.MutantGen - Generating SCS mutant: AuthFastLeaderElection_SCS_1.java
23:29:39.934 [main] INFO  com.example.mutator.MutantGen - Generating SCS mutant: AuthFastLeaderElection_SCS_2.java
23:29:40.785 [main] INFO  com.example.mutator.MutantGen - Generating MNT mutant: Learner_MNT_1.java
23:29:40.788 [main] INFO  com.example.mutator.network.MNT - UnsolvedSymbolException in methodCallExpr - sock.setSoTimeout(self.tickTime * self.initLimit)
23:29:40.789 [main] INFO  com.example.mutator.network.MNT - UnsolvedSymbolException in methodCallExpr - sock.setSoTimeout(self.tickTime * self.syncLimit)
23:29:41.059 [main] INFO  com.example.mutator.MutantGen - Generating BCS mutant: Learner_BCS_1.java
23:29:41.135 [main] INFO  com.example.mutator.MutantGen - Generating BCS mutant: Learner_BCS_2.java
23:29:41.274 [main] INFO  com.example.mutator.MutantGen - Generating RCS mutant: Learner_RCS_1.java
23:29:41.359 [main] INFO  com.example.mutator.MutantGen - Generating RCS mutant: Learner_RCS_2.java
23:29:41.430 [main] INFO  com.example.mutator.MutantGen - Generating RCS mutant: Learner_RCS_3.java
23:29:41.704 [main] INFO  com.example.mutator.MutantGen - Generating NCS mutant: Learner_NCS_1.java
23:29:41.841 [main] INFO  com.example.mutator.MutantGen - Generating SCS mutant: Learner_SCS_1.java
23:29:41.982 [main] INFO  com.example.mutator.MutantGen - Generating SCS mutant: Learner_SCS_2.java
23:29:42.444 [main] INFO  com.example.mutator.MutantGen - Generating BCS mutant: CommitProcessor_BCS_1.java
23:29:42.474 [main] INFO  com.example.mutator.MutantGen - Generating RCS mutant: CommitProcessor_RCS_1.java
23:29:45.923 [main] INFO  com.example.mutator.MutantGen - Generating BCS mutant: QuorumPeer_BCS_1.java
23:29:46.242 [main] INFO  com.example.mutator.MutantGen - Generating BCS mutant: QuorumPeer_BCS_2.java
23:29:46.880 [main] INFO  com.example.mutator.MutantGen - Generating RCS mutant: QuorumPeer_RCS_1.java
23:29:47.195 [main] INFO  com.example.mutator.MutantGen - Generating RCS mutant: QuorumPeer_RCS_2.java
23:29:47.513 [main] INFO  com.example.mutator.MutantGen - Generating RCS mutant: QuorumPeer_RCS_3.java
23:29:47.846 [main] INFO  com.example.mutator.MutantGen - Generating RCS mutant: QuorumPeer_RCS_4.java
23:29:48.161 [main] INFO  com.example.mutator.MutantGen - Generating RCS mutant: QuorumPeer_RCS_5.java
23:29:48.478 [main] INFO  com.example.mutator.MutantGen - Generating RCS mutant: QuorumPeer_RCS_6.java
23:29:48.845 [main] INFO  com.example.mutator.MutantGen - Generating RCS mutant: QuorumPeer_RCS_7.java
23:29:49.157 [main] INFO  com.example.mutator.MutantGen - Generating RCS mutant: QuorumPeer_RCS_8.java
23:29:49.473 [main] INFO  com.example.mutator.MutantGen - Generating RCS mutant: QuorumPeer_RCS_9.java
23:29:50.446 [main] INFO  com.example.mutator.MutantGen - Generating NCS mutant: QuorumPeer_NCS_1.java
23:29:52.374 [main] INFO  com.example.mutator.MutantGen - Generating NCS mutant: QuorumPeer_NCS_2.java
23:29:52.710 [main] INFO  com.example.mutator.MutantGen - Generating NCS mutant: QuorumPeer_NCS_3.java
23:29:53.665 [main] INFO  com.example.mutator.MutantGen - Generating SCS mutant: QuorumPeer_SCS_1.java
23:29:53.981 [main] INFO  com.example.mutator.MutantGen - Generating SCS mutant: QuorumPeer_SCS_2.java
23:29:55.595 [main] INFO  com.example.mutator.MutantGen - Generating SCS mutant: QuorumPeer_SCS_3.java
23:29:55.913 [main] INFO  com.example.mutator.MutantGen - Generating SCS mutant: QuorumPeer_SCS_4.java
23:29:58.241 [main] INFO  com.example.mutator.MutantGen - Generating BCS mutant: QuorumZooKeeperServer_BCS_1.java
23:29:58.258 [main] INFO  com.example.mutator.MutantGen - Generating RCS mutant: QuorumZooKeeperServer_RCS_1.java
23:29:58.449 [main] INFO  com.example.mutator.MutantGen - Generating RCS mutant: Follower_RCS_1.java
23:29:59.241 [main] INFO  com.example.mutator.MutantGen - Generating BCS mutant: LearnerSnapshotThrottler_BCS_1.java
23:29:59.245 [main] INFO  com.example.mutator.MutantGen - Generating BCS mutant: LearnerSnapshotThrottler_BCS_2.java
23:29:59.251 [main] INFO  com.example.mutator.MutantGen - Generating RCS mutant: LearnerSnapshotThrottler_RCS_1.java
23:29:59.255 [main] INFO  com.example.mutator.MutantGen - Generating RCS mutant: LearnerSnapshotThrottler_RCS_2.java
23:29:59.259 [main] INFO  com.example.mutator.MutantGen - Generating RCS mutant: LearnerSnapshotThrottler_RCS_3.java
23:29:59.268 [main] INFO  com.example.mutator.MutantGen - Generating NCS mutant: LearnerSnapshotThrottler_NCS_1.java
23:29:59.278 [main] INFO  com.example.mutator.MutantGen - Generating SCS mutant: LearnerSnapshotThrottler_SCS_1.java
23:29:59.281 [main] INFO  com.example.mutator.MutantGen - Generating SCS mutant: LearnerSnapshotThrottler_SCS_2.java
23:29:59.294 [main] INFO  com.example.mutator.MutantGen - Generating MCT mutant: LearnerSnapshotThrottler_MCT_1.java
23:29:59.439 [main] INFO  com.example.mutator.MutantGen - Generating RNE mutant: SaslQuorumAuthServer_RNE_1.java
23:29:59.450 [main] INFO  com.example.mutator.MutantGen - Generating RNE mutant: SaslQuorumAuthServer_RNE_2.java
23:29:59.462 [main] INFO  com.example.mutator.MutantGen - Generating RNE mutant: SaslQuorumAuthServer_RNE_3.java
23:29:59.636 [main] INFO  com.example.mutator.MutantGen - Generating RNE mutant: SaslQuorumAuthLearner_RNE_1.java
23:29:59.653 [main] INFO  com.example.mutator.MutantGen - Generating RNE mutant: SaslQuorumAuthLearner_RNE_2.java
23:29:59.669 [main] INFO  com.example.mutator.MutantGen - Generating RNE mutant: SaslQuorumAuthLearner_RNE_3.java
23:29:59.686 [main] INFO  com.example.mutator.MutantGen - Generating RNE mutant: SaslQuorumAuthLearner_RNE_4.java
23:29:59.703 [main] INFO  com.example.mutator.MutantGen - Generating RNE mutant: SaslQuorumAuthLearner_RNE_5.java
23:29:59.719 [main] INFO  com.example.mutator.MutantGen - Generating RNE mutant: SaslQuorumAuthLearner_RNE_6.java
23:29:59.736 [main] INFO  com.example.mutator.MutantGen - Generating RNE mutant: SaslQuorumAuthLearner_RNE_7.java
23:29:59.752 [main] INFO  com.example.mutator.MutantGen - Generating RNE mutant: SaslQuorumAuthLearner_RNE_8.java
23:29:59.800 [main] INFO  com.example.mutator.MutantGen - Generating RCS mutant: SaslQuorumAuthLearner_RCS_1.java
23:30:00.489 [main] INFO  com.example.mutator.MutantGen - Generating MNT mutant: QuorumCnxManager_MNT_1.java
23:30:00.622 [main] INFO  com.example.mutator.MutantGen - Generating MNT mutant: QuorumCnxManager_MNT_2.java
23:30:00.626 [main] INFO  com.example.mutator.network.MNT - UnsolvedSymbolException in methodCallExpr - sock.setSoTimeout(self.tickTime * self.syncLimit)
23:30:00.756 [main] INFO  com.example.mutator.MutantGen - Generating MNT mutant: QuorumCnxManager_MNT_3.java
23:30:01.411 [main] INFO  com.example.mutator.MutantGen - Generating RCS mutant: QuorumCnxManager_RCS_1.java
23:30:01.628 [main] INFO  com.example.mutator.MutantGen - Generating RCS mutant: QuorumCnxManager_RCS_2.java
23:30:01.892 [main] INFO  com.example.mutator.MutantGen - Generating NCS mutant: QuorumCnxManager_NCS_1.java
23:30:02.285 [main] INFO  com.example.mutator.MutantGen - Generating SCS mutant: QuorumCnxManager_SCS_1.java
23:30:02.421 [main] INFO  com.example.mutator.MutantGen - Generating SCS mutant: QuorumCnxManager_SCS_2.java
23:30:03.343 [main] INFO  com.example.mutator.MutantGen - Generating RCF mutant: QuorumHierarchical_RCF_1.java
23:30:04.057 [main] INFO  com.example.mutator.MutantGen - Generating BCS mutant: FastLeaderElection_BCS_1.java
23:30:04.159 [main] INFO  com.example.mutator.MutantGen - Generating BCS mutant: FastLeaderElection_BCS_2.java
23:30:04.361 [main] INFO  com.example.mutator.MutantGen - Generating RCS mutant: FastLeaderElection_RCS_1.java
23:30:04.463 [main] INFO  com.example.mutator.MutantGen - Generating RCS mutant: FastLeaderElection_RCS_2.java
23:30:04.566 [main] INFO  com.example.mutator.MutantGen - Generating RCS mutant: FastLeaderElection_RCS_3.java
23:30:05.263 [main] INFO  com.example.mutator.MutantGen - Generating SCS mutant: FastLeaderElection_SCS_1.java
23:30:05.366 [main] INFO  com.example.mutator.MutantGen - Generating SCS mutant: FastLeaderElection_SCS_2.java
23:30:06.200 [main] INFO  com.example.mutator.MutantGen - Generating MNR mutant: Leader_MNR_1.java
23:30:06.369 [main] INFO  com.example.mutator.network.MNT - UnsolvedSymbolException in methodCallExpr - s.setSoTimeout(self.tickTime * self.initLimit)
23:30:06.673 [main] INFO  com.example.mutator.MutantGen - Generating RRC mutant: Leader_RRC_1.java
23:30:07.130 [main] INFO  com.example.mutator.MutantGen - Generating BCS mutant: Leader_BCS_1.java
23:30:07.284 [main] INFO  com.example.mutator.MutantGen - Generating BCS mutant: Leader_BCS_2.java
23:30:07.438 [main] INFO  com.example.mutator.MutantGen - Generating BCS mutant: Leader_BCS_3.java
23:30:07.594 [main] INFO  com.example.mutator.MutantGen - Generating BCS mutant: Leader_BCS_4.java
23:30:07.748 [main] INFO  com.example.mutator.MutantGen - Generating BCS mutant: Leader_BCS_5.java
23:30:07.907 [main] INFO  com.example.mutator.MutantGen - Generating BCS mutant: Leader_BCS_6.java
23:30:08.062 [main] INFO  com.example.mutator.MutantGen - Generating BCS mutant: Leader_BCS_7.java
23:30:08.217 [main] INFO  com.example.mutator.MutantGen - Generating BCS mutant: Leader_BCS_8.java
23:30:08.373 [main] INFO  com.example.mutator.MutantGen - Generating BCS mutant: Leader_BCS_9.java
23:30:08.675 [main] INFO  com.example.mutator.MutantGen - Generating RCS mutant: Leader_RCS_1.java
23:30:08.836 [main] INFO  com.example.mutator.MutantGen - Generating RCS mutant: Leader_RCS_2.java
23:30:08.987 [main] INFO  com.example.mutator.MutantGen - Generating RCS mutant: Leader_RCS_3.java
23:30:09.140 [main] INFO  com.example.mutator.MutantGen - Generating RCS mutant: Leader_RCS_4.java
23:30:09.292 [main] INFO  com.example.mutator.MutantGen - Generating RCS mutant: Leader_RCS_5.java
23:30:09.447 [main] INFO  com.example.mutator.MutantGen - Generating RCS mutant: Leader_RCS_6.java
23:30:09.600 [main] INFO  com.example.mutator.MutantGen - Generating RCS mutant: Leader_RCS_7.java
23:30:09.753 [main] INFO  com.example.mutator.MutantGen - Generating RCS mutant: Leader_RCS_8.java
23:30:09.929 [main] INFO  com.example.mutator.MutantGen - Generating RCS mutant: Leader_RCS_9.java
23:30:10.082 [main] INFO  com.example.mutator.MutantGen - Generating RCS mutant: Leader_RCS_10.java
23:30:10.236 [main] INFO  com.example.mutator.MutantGen - Generating RCS mutant: Leader_RCS_11.java
23:30:10.390 [main] INFO  com.example.mutator.MutantGen - Generating RCS mutant: Leader_RCS_12.java
23:30:10.543 [main] INFO  com.example.mutator.MutantGen - Generating RCS mutant: Leader_RCS_13.java
23:30:10.697 [main] INFO  com.example.mutator.MutantGen - Generating RCS mutant: Leader_RCS_14.java
23:30:10.887 [main] INFO  com.example.mutator.MutantGen - Generating RCS mutant: Leader_RCS_15.java
23:30:11.135 [main] INFO  com.example.mutator.MutantGen - Generating RCS mutant: Leader_RCS_16.java
23:30:11.289 [main] INFO  com.example.mutator.MutantGen - Generating RCS mutant: Leader_RCS_17.java
23:30:11.445 [main] INFO  com.example.mutator.MutantGen - Generating RCS mutant: Leader_RCS_18.java
23:30:11.600 [main] INFO  com.example.mutator.MutantGen - Generating RCS mutant: Leader_RCS_19.java
23:30:11.753 [main] INFO  com.example.mutator.MutantGen - Generating RCS mutant: Leader_RCS_20.java
23:30:11.905 [main] INFO  com.example.mutator.MutantGen - Generating RCS mutant: Leader_RCS_21.java
23:30:14.105 [main] INFO  com.example.mutator.MutantGen - Generating NCS mutant: Leader_NCS_1.java
23:30:14.863 [main] INFO  com.example.mutator.MutantGen - Generating NCS mutant: Leader_NCS_2.java
23:30:15.019 [main] INFO  com.example.mutator.MutantGen - Generating NCS mutant: Leader_NCS_3.java
23:30:15.174 [main] INFO  com.example.mutator.MutantGen - Generating NCS mutant: Leader_NCS_4.java
23:30:15.327 [main] INFO  com.example.mutator.MutantGen - Generating NCS mutant: Leader_NCS_5.java
23:30:17.448 [main] INFO  com.example.mutator.MutantGen - Generating SCS mutant: Leader_SCS_1.java
23:30:18.197 [main] INFO  com.example.mutator.MutantGen - Generating SCS mutant: Leader_SCS_2.java
23:30:18.358 [main] INFO  com.example.mutator.MutantGen - Generating SCS mutant: Leader_SCS_3.java
23:30:18.511 [main] INFO  com.example.mutator.MutantGen - Generating SCS mutant: Leader_SCS_4.java
23:30:18.663 [main] INFO  com.example.mutator.MutantGen - Generating SCS mutant: Leader_SCS_5.java
23:30:19.116 [main] INFO  com.example.mutator.MutantGen - Generating RCE mutant: Leader_RCE_1.java
23:30:19.280 [main] INFO  com.example.mutator.MutantGen - Generating RCE mutant: Leader_RCE_2.java
23:30:19.434 [main] INFO  com.example.mutator.MutantGen - Generating RCE mutant: Leader_RCE_3.java
23:30:19.736 [main] INFO  com.example.mutator.MutantGen - Generating MCT mutant: Leader_MCT_1.java
23:30:19.889 [main] INFO  com.example.mutator.MutantGen - Generating MCT mutant: Leader_MCT_2.java
23:30:20.042 [main] INFO  com.example.mutator.MutantGen - Generating MCT mutant: Leader_MCT_3.java
23:30:20.201 [main] INFO  com.example.mutator.MutantGen - Generating MCT mutant: Leader_MCT_4.java
23:30:20.573 [main] INFO  com.example.mutator.MutantGen - Generating MNR mutant: UnifiedServerSocket_MNR_1.java
23:30:20.609 [main] INFO  com.example.mutator.MutantGen - Generating MNR mutant: UnifiedServerSocket_MNR_2.java
23:30:20.646 [main] INFO  com.example.mutator.network.MNT - UnsolvedSymbolException in methodCallExpr - prependableSocket.setSoTimeout(newTimeout)
23:30:20.646 [main] INFO  com.example.mutator.network.MNT - UnsolvedSymbolException in methodCallExpr - prependableSocket.setSoTimeout(oldTimeout)
23:30:20.681 [main] INFO  com.example.mutator.MutantGen - Generating MNT mutant: UnifiedServerSocket_MNT_1.java
23:30:20.717 [main] INFO  com.example.mutator.MutantGen - Generating MNT mutant: UnifiedServerSocket_MNT_2.java
23:30:20.817 [main] INFO  com.example.mutator.MutantGen - Generating RNE mutant: UnifiedServerSocket_RNE_1.java
23:30:20.852 [main] INFO  com.example.mutator.MutantGen - Generating RNE mutant: UnifiedServerSocket_RNE_2.java
23:30:20.887 [main] INFO  com.example.mutator.MutantGen - Generating RNE mutant: UnifiedServerSocket_RNE_3.java
23:30:21.389 [main] INFO  com.example.mutator.MutantGen - Generating MNR mutant: LearnerHandler_MNR_1.java
23:30:21.496 [main] INFO  com.example.mutator.MutantGen - Generating MNR mutant: LearnerHandler_MNR_2.java
23:30:21.599 [main] INFO  com.example.mutator.MutantGen - Generating MNR mutant: LearnerHandler_MNR_3.java
23:30:21.703 [main] INFO  com.example.mutator.network.MNT - UnsolvedSymbolException in methodCallExpr - sock.setSoTimeout(leader.self.tickTime * leader.self.syncLimit)
23:30:22.004 [main] INFO  com.example.mutator.MutantGen - Generating RNE mutant: LearnerHandler_RNE_1.java
23:30:22.211 [main] INFO  com.example.mutator.MutantGen - Generating BCS mutant: LearnerHandler_BCS_1.java
23:30:22.322 [main] INFO  com.example.mutator.MutantGen - Generating BCS mutant: LearnerHandler_BCS_2.java
23:30:22.526 [main] INFO  com.example.mutator.MutantGen - Generating RCS mutant: LearnerHandler_RCS_1.java
23:30:22.629 [main] INFO  com.example.mutator.MutantGen - Generating RCS mutant: LearnerHandler_RCS_2.java
23:30:23.438 [main] INFO  com.example.mutator.MutantGen - Generating RTS mutant: LearnerHandler_RTS_1.java
23:30:23.741 [main] INFO  com.example.mutator.MutantGen - Generating MCT mutant: LearnerHandler_MCT_1.java
23:30:24.946 [main] INFO  com.example.mutator.MutantGen - Generating BCS mutant: DataTree_BCS_1.java
23:30:25.121 [main] INFO  com.example.mutator.MutantGen - Generating BCS mutant: DataTree_BCS_2.java
23:30:25.288 [main] INFO  com.example.mutator.MutantGen - Generating BCS mutant: DataTree_BCS_3.java
23:30:25.457 [main] INFO  com.example.mutator.MutantGen - Generating BCS mutant: DataTree_BCS_4.java
23:30:25.626 [main] INFO  com.example.mutator.MutantGen - Generating BCS mutant: DataTree_BCS_5.java
23:30:25.794 [main] INFO  com.example.mutator.MutantGen - Generating BCS mutant: DataTree_BCS_6.java
23:30:25.962 [main] INFO  com.example.mutator.MutantGen - Generating BCS mutant: DataTree_BCS_7.java
23:30:26.138 [main] INFO  com.example.mutator.MutantGen - Generating BCS mutant: DataTree_BCS_8.java
23:30:26.305 [main] INFO  com.example.mutator.MutantGen - Generating BCS mutant: DataTree_BCS_9.java
23:30:26.475 [main] INFO  com.example.mutator.MutantGen - Generating BCS mutant: DataTree_BCS_10.java
23:30:26.644 [main] INFO  com.example.mutator.MutantGen - Generating BCS mutant: DataTree_BCS_11.java
23:30:26.814 [main] INFO  com.example.mutator.MutantGen - Generating BCS mutant: DataTree_BCS_12.java
23:30:26.982 [main] INFO  com.example.mutator.MutantGen - Generating BCS mutant: DataTree_BCS_13.java
23:30:27.151 [main] INFO  com.example.mutator.MutantGen - Generating BCS mutant: DataTree_BCS_14.java
23:30:27.326 [main] INFO  com.example.mutator.MutantGen - Generating BCS mutant: DataTree_BCS_15.java
23:30:27.658 [main] INFO  com.example.mutator.MutantGen - Generating RCS mutant: DataTree_RCS_1.java
23:30:27.825 [main] INFO  com.example.mutator.MutantGen - Generating RCS mutant: DataTree_RCS_2.java
23:30:27.993 [main] INFO  com.example.mutator.MutantGen - Generating RCS mutant: DataTree_RCS_3.java
23:30:28.160 [main] INFO  com.example.mutator.MutantGen - Generating RCS mutant: DataTree_RCS_4.java
23:30:28.346 [main] INFO  com.example.mutator.MutantGen - Generating RCS mutant: DataTree_RCS_5.java
23:30:28.515 [main] INFO  com.example.mutator.MutantGen - Generating RCS mutant: DataTree_RCS_6.java
23:30:28.682 [main] INFO  com.example.mutator.MutantGen - Generating RCS mutant: DataTree_RCS_7.java
23:30:28.850 [main] INFO  com.example.mutator.MutantGen - Generating RCS mutant: DataTree_RCS_8.java
23:30:29.018 [main] INFO  com.example.mutator.MutantGen - Generating RCS mutant: DataTree_RCS_9.java
23:30:29.185 [main] INFO  com.example.mutator.MutantGen - Generating RCS mutant: DataTree_RCS_10.java
23:30:29.393 [main] INFO  com.example.mutator.MutantGen - Generating RCS mutant: DataTree_RCS_11.java
23:30:29.560 [main] INFO  com.example.mutator.MutantGen - Generating RCS mutant: DataTree_RCS_12.java
23:30:29.727 [main] INFO  com.example.mutator.MutantGen - Generating RCS mutant: DataTree_RCS_13.java
23:30:29.894 [main] INFO  com.example.mutator.MutantGen - Generating RCS mutant: DataTree_RCS_14.java
23:30:30.060 [main] INFO  com.example.mutator.MutantGen - Generating RCS mutant: DataTree_RCS_15.java
23:30:30.228 [main] INFO  com.example.mutator.MutantGen - Generating RCS mutant: DataTree_RCS_16.java
23:30:30.439 [main] INFO  com.example.mutator.MutantGen - Generating RCS mutant: DataTree_RCS_17.java
23:30:30.606 [main] INFO  com.example.mutator.MutantGen - Generating RCS mutant: DataTree_RCS_18.java
23:30:30.773 [main] INFO  com.example.mutator.MutantGen - Generating RCS mutant: DataTree_RCS_19.java
23:30:30.941 [main] INFO  com.example.mutator.MutantGen - Generating RCS mutant: DataTree_RCS_20.java
23:30:31.109 [main] INFO  com.example.mutator.MutantGen - Generating RCS mutant: DataTree_RCS_21.java
23:30:31.277 [main] INFO  com.example.mutator.MutantGen - Generating RCS mutant: DataTree_RCS_22.java
23:30:31.506 [main] INFO  com.example.mutator.MutantGen - Generating RCS mutant: DataTree_RCS_23.java
23:30:31.675 [main] INFO  com.example.mutator.MutantGen - Generating RCS mutant: DataTree_RCS_24.java
23:30:31.841 [main] INFO  com.example.mutator.MutantGen - Generating RCS mutant: DataTree_RCS_25.java
23:30:32.009 [main] INFO  com.example.mutator.MutantGen - Generating RCS mutant: DataTree_RCS_26.java
23:30:32.176 [main] INFO  com.example.mutator.MutantGen - Generating RCS mutant: DataTree_RCS_27.java
23:30:32.389 [main] INFO  com.example.mutator.MutantGen - Generating RCS mutant: DataTree_RCS_28.java
23:30:33.049 [main] INFO  com.example.mutator.MutantGen - Generating NCS mutant: DataTree_NCS_1.java
23:30:33.428 [main] INFO  com.example.mutator.MutantGen - Generating NCS mutant: DataTree_NCS_2.java
23:30:33.760 [main] INFO  com.example.mutator.MutantGen - Generating NCS mutant: DataTree_NCS_3.java
23:30:34.468 [main] INFO  com.example.mutator.MutantGen - Generating NCS mutant: DataTree_NCS_4.java
23:30:34.964 [main] INFO  com.example.mutator.MutantGen - Generating NCS mutant: DataTree_NCS_5.java
23:30:35.179 [main] INFO  com.example.mutator.MutantGen - Generating NCS mutant: DataTree_NCS_6.java
23:30:35.512 [main] INFO  com.example.mutator.MutantGen - Generating NCS mutant: DataTree_NCS_7.java
23:30:35.680 [main] INFO  com.example.mutator.MutantGen - Generating NCS mutant: DataTree_NCS_8.java
23:30:36.230 [main] INFO  com.example.mutator.MutantGen - Generating NCS mutant: DataTree_NCS_9.java
23:30:36.840 [main] INFO  com.example.mutator.MutantGen - Generating NCS mutant: DataTree_NCS_10.java
23:30:37.995 [main] INFO  com.example.mutator.MutantGen - Generating SCS mutant: DataTree_SCS_1.java
23:30:38.163 [main] INFO  com.example.mutator.MutantGen - Generating SCS mutant: DataTree_SCS_2.java
23:30:38.500 [main] INFO  com.example.mutator.MutantGen - Generating SCS mutant: DataTree_SCS_3.java
23:30:38.831 [main] INFO  com.example.mutator.MutantGen - Generating SCS mutant: DataTree_SCS_4.java
23:30:39.167 [main] INFO  com.example.mutator.MutantGen - Generating SCS mutant: DataTree_SCS_5.java
23:30:39.497 [main] INFO  com.example.mutator.MutantGen - Generating SCS mutant: DataTree_SCS_6.java
23:30:40.000 [main] INFO  com.example.mutator.MutantGen - Generating SCS mutant: DataTree_SCS_7.java
23:30:40.167 [main] INFO  com.example.mutator.MutantGen - Generating SCS mutant: DataTree_SCS_8.java
23:30:40.335 [main] INFO  com.example.mutator.MutantGen - Generating SCS mutant: DataTree_SCS_9.java
23:30:40.502 [main] INFO  com.example.mutator.MutantGen - Generating SCS mutant: DataTree_SCS_10.java
23:30:40.675 [main] INFO  com.example.mutator.MutantGen - Generating SCS mutant: DataTree_SCS_11.java
23:30:40.842 [main] INFO  com.example.mutator.MutantGen - Generating SCS mutant: DataTree_SCS_12.java
23:30:41.174 [main] INFO  com.example.mutator.MutantGen - Generating SCS mutant: DataTree_SCS_13.java
23:30:41.507 [main] INFO  com.example.mutator.MutantGen - Generating SCS mutant: DataTree_SCS_14.java
23:30:41.675 [main] INFO  com.example.mutator.MutantGen - Generating SCS mutant: DataTree_SCS_15.java
23:30:42.334 [main] INFO  com.example.mutator.MutantGen - Generating SCS mutant: DataTree_SCS_16.java
23:30:43.213 [main] INFO  com.example.mutator.MutantGen - Generating BCS mutant: SnapshotFormatter_BCS_1.java
23:30:43.224 [main] INFO  com.example.mutator.MutantGen - Generating RCS mutant: SnapshotFormatter_RCS_1.java
23:30:43.235 [main] INFO  com.example.mutator.MutantGen - Generating NCS mutant: SnapshotFormatter_NCS_1.java
23:30:43.245 [main] INFO  com.example.mutator.MutantGen - Generating SCS mutant: SnapshotFormatter_SCS_1.java
23:30:43.508 [main] INFO  com.example.mutator.MutantGen - Generating MCT mutant: WorkerService_MCT_1.java
23:30:44.264 [main] INFO  com.example.mutator.MutantGen - Generating RCS mutant: ZooKeeperSaslServer_RCS_1.java
23:30:44.269 [main] INFO  com.example.mutator.MutantGen - Generating SCS mutant: ZooKeeperSaslServer_SCS_1.java
23:30:44.745 [main] INFO  com.example.mutator.MutantGen - Generating RCS mutant: ProviderRegistry_RCS_1.java
23:30:44.752 [main] INFO  com.example.mutator.MutantGen - Generating NCS mutant: ProviderRegistry_NCS_1.java
23:30:44.758 [main] INFO  com.example.mutator.MutantGen - Generating SCS mutant: ProviderRegistry_SCS_1.java
23:30:45.305 [main] INFO  com.example.mutator.MutantGen - Generating BCS mutant: FinalRequestProcessor_BCS_1.java
23:30:45.439 [main] INFO  com.example.mutator.MutantGen - Generating RCS mutant: FinalRequestProcessor_RCS_1.java
23:30:45.571 [main] INFO  com.example.mutator.MutantGen - Generating NCS mutant: FinalRequestProcessor_NCS_1.java
23:30:45.703 [main] INFO  com.example.mutator.MutantGen - Generating SCS mutant: FinalRequestProcessor_SCS_1.java
23:30:46.413 [main] INFO  com.example.mutator.MutantGen - Generating MNT mutant: ServerAdminClient_MNT_1.java
23:30:46.429 [main] INFO  com.example.mutator.MutantGen - Generating MNT mutant: ServerAdminClient_MNT_2.java
23:30:46.446 [main] INFO  com.example.mutator.MutantGen - Generating MNT mutant: ServerAdminClient_MNT_3.java
23:30:46.462 [main] INFO  com.example.mutator.MutantGen - Generating MNT mutant: ServerAdminClient_MNT_4.java
23:30:46.479 [main] INFO  com.example.mutator.MutantGen - Generating MNT mutant: ServerAdminClient_MNT_5.java
23:30:46.496 [main] INFO  com.example.mutator.MutantGen - Generating MNT mutant: ServerAdminClient_MNT_6.java
23:30:46.527 [main] INFO  com.example.mutator.MutantGen - Generating RRC mutant: ServerAdminClient_RRC_1.java
23:30:46.543 [main] INFO  com.example.mutator.MutantGen - Generating RRC mutant: ServerAdminClient_RRC_2.java
23:30:46.559 [main] INFO  com.example.mutator.MutantGen - Generating RRC mutant: ServerAdminClient_RRC_3.java
23:30:46.576 [main] INFO  com.example.mutator.MutantGen - Generating RRC mutant: ServerAdminClient_RRC_4.java
23:30:46.592 [main] INFO  com.example.mutator.MutantGen - Generating RRC mutant: ServerAdminClient_RRC_5.java
23:30:46.608 [main] INFO  com.example.mutator.MutantGen - Generating RRC mutant: ServerAdminClient_RRC_6.java
23:30:46.827 [main] INFO  com.example.mutantgen.MutantGenerator - 

PHASE: Removing identical mutants...


23:30:50.955 [main] INFO  com.example.mutantgen.IdenticalMutantFilter - Identical mutants FOUND: /home/ubuntu/outputs/zkMutation/mutants/ClientCnxnSocketNetty_RTS_2.java and /home/ubuntu/outputs/zkMutation/mutants/ClientCnxnSocketNetty_RTS_4.java
23:30:54.086 [main] INFO  com.example.mutantgen.IdenticalMutantFilter - Deleting identical mutant: /home/ubuntu/outputs/zkMutation/mutants/ClientCnxnSocketNetty_RTS_4.java
23:30:54.087 [main] INFO  com.example.mutantgen.MutantGenerator - Generate completed
23:30:54.087 [main] INFO  com.example.mutantgen.MutantGenerator - Total mutants: 386
23:30:54.087 [main] INFO  com.example.mutantgen.MutantGenerator - File: /home/ubuntu/distributedSystems/zk/apache-zookeeper-3.5.8/zookeeper-server/src/main/java/org/apache/zookeeper/server/quorum/QuorumZooKeeperServer.java
23:30:54.087 [main] INFO  com.example.mutantgen.MutantGenerator - 	RCS count: 1
23:30:54.087 [main] INFO  com.example.mutantgen.MutantGenerator - 	BCS count: 1
23:30:54.087 [main] INFO  com.example.mutantgen.MutantGenerator - File: /home/ubuntu/distributedSystems/zk/apache-zookeeper-3.5.8/zookeeper-server/src/main/java/org/apache/zookeeper/server/quorum/FastLeaderElection.java
23:30:54.087 [main] INFO  com.example.mutantgen.MutantGenerator - 	RCS count: 3
23:30:54.087 [main] INFO  com.example.mutantgen.MutantGenerator - 	BCS count: 2
23:30:54.087 [main] INFO  com.example.mutantgen.MutantGenerator - 	SCS count: 2
23:30:54.087 [main] INFO  com.example.mutantgen.MutantGenerator - File: /home/ubuntu/distributedSystems/zk/apache-zookeeper-3.5.8/zookeeper-server/src/main/java/org/apache/zookeeper/server/FinalRequestProcessor.java
23:30:54.087 [main] INFO  com.example.mutantgen.MutantGenerator - 	RCS count: 1
23:30:54.088 [main] INFO  com.example.mutantgen.MutantGenerator - 	BCS count: 1
23:30:54.088 [main] INFO  com.example.mutantgen.MutantGenerator - 	NCS count: 1
23:30:54.088 [main] INFO  com.example.mutantgen.MutantGenerator - 	SCS count: 1
23:30:54.088 [main] INFO  com.example.mutantgen.MutantGenerator - File: /home/ubuntu/distributedSystems/zk/apache-zookeeper-3.5.8/zookeeper-server/src/main/java/org/apache/zookeeper/server/quorum/QuorumCnxManager.java
23:30:54.088 [main] INFO  com.example.mutantgen.MutantGenerator - 	RCS count: 2
23:30:54.088 [main] INFO  com.example.mutantgen.MutantGenerator - 	MNT count: 3
23:30:54.088 [main] INFO  com.example.mutantgen.MutantGenerator - 	NCS count: 1
23:30:54.088 [main] INFO  com.example.mutantgen.MutantGenerator - 	SCS count: 2
23:30:54.088 [main] INFO  com.example.mutantgen.MutantGenerator - File: /home/ubuntu/distributedSystems/zk/apache-zookeeper-3.5.8/zookeeper-server/src/main/java/org/apache/zookeeper/common/PathTrie.java
23:30:54.088 [main] INFO  com.example.mutantgen.MutantGenerator - 	RCS count: 5
23:30:54.088 [main] INFO  com.example.mutantgen.MutantGenerator - 	BCS count: 1
23:30:54.088 [main] INFO  com.example.mutantgen.MutantGenerator - 	NCS count: 1
23:30:54.088 [main] INFO  com.example.mutantgen.MutantGenerator - 	SCS count: 2
23:30:54.088 [main] INFO  com.example.mutantgen.MutantGenerator - File: /home/ubuntu/distributedSystems/zk/apache-zookeeper-3.5.8/zookeeper-server/src/main/java/org/apache/zookeeper/ClientCnxn.java
23:30:54.088 [main] INFO  com.example.mutantgen.MutantGenerator - 	RCS count: 8
23:30:54.088 [main] INFO  com.example.mutantgen.MutantGenerator - 	MCT count: 1
23:30:54.088 [main] INFO  com.example.mutantgen.MutantGenerator - 	BCS count: 5
23:30:54.088 [main] INFO  com.example.mutantgen.MutantGenerator - 	MNT count: 1
23:30:54.088 [main] INFO  com.example.mutantgen.MutantGenerator - 	SCS count: 3
23:30:54.088 [main] INFO  com.example.mutantgen.MutantGenerator - 	RRC count: 1
23:30:54.088 [main] INFO  com.example.mutantgen.MutantGenerator - File: /home/ubuntu/distributedSystems/zk/apache-zookeeper-3.5.8/zookeeper-server/src/main/java/org/apache/zookeeper/Login.java
23:30:54.088 [main] INFO  com.example.mutantgen.MutantGenerator - 	RCS count: 1
23:30:54.088 [main] INFO  com.example.mutantgen.MutantGenerator - 	NCS count: 1
23:30:54.088 [main] INFO  com.example.mutantgen.MutantGenerator - 	SCS count: 1
23:30:54.088 [main] INFO  com.example.mutantgen.MutantGenerator - File: /home/ubuntu/distributedSystems/zk/apache-zookeeper-3.5.8/zookeeper-server/src/main/java/org/apache/zookeeper/server/ZooKeeperServer.java
23:30:54.088 [main] INFO  com.example.mutantgen.MutantGenerator - 	RCS count: 1
23:30:54.088 [main] INFO  com.example.mutantgen.MutantGenerator - 	MCT count: 1
23:30:54.088 [main] INFO  com.example.mutantgen.MutantGenerator - 	SCS count: 1
23:30:54.089 [main] INFO  com.example.mutantgen.MutantGenerator - File: /home/ubuntu/distributedSystems/zk/apache-zookeeper-3.5.8/zookeeper-server/src/main/java/org/apache/zookeeper/ServerAdminClient.java
23:30:54.089 [main] INFO  com.example.mutantgen.MutantGenerator - 	MNT count: 6
23:30:54.089 [main] INFO  com.example.mutantgen.MutantGenerator - 	RRC count: 6
23:30:54.089 [main] INFO  com.example.mutantgen.MutantGenerator - File: /home/ubuntu/distributedSystems/zk/apache-zookeeper-3.5.8/zookeeper-server/src/main/java/org/apache/zookeeper/server/quorum/LearnerSnapshotThrottler.java
23:30:54.089 [main] INFO  com.example.mutantgen.MutantGenerator - 	RCS count: 3
23:30:54.089 [main] INFO  com.example.mutantgen.MutantGenerator - 	MCT count: 1
23:30:54.089 [main] INFO  com.example.mutantgen.MutantGenerator - 	BCS count: 2
23:30:54.089 [main] INFO  com.example.mutantgen.MutantGenerator - 	NCS count: 1
23:30:54.089 [main] INFO  com.example.mutantgen.MutantGenerator - 	SCS count: 2
23:30:54.089 [main] INFO  com.example.mutantgen.MutantGenerator - File: /home/ubuntu/distributedSystems/zk/apache-zookeeper-3.5.8/zookeeper-server/src/main/java/org/apache/zookeeper/client/StaticHostProvider.java
23:30:54.089 [main] INFO  com.example.mutantgen.MutantGenerator - 	RCS count: 1
23:30:54.089 [main] INFO  com.example.mutantgen.MutantGenerator - 	BCS count: 1
23:30:54.089 [main] INFO  com.example.mutantgen.MutantGenerator - 	NCS count: 1
23:30:54.089 [main] INFO  com.example.mutantgen.MutantGenerator - 	SCS count: 1
23:30:54.089 [main] INFO  com.example.mutantgen.MutantGenerator - File: /home/ubuntu/distributedSystems/zk/apache-zookeeper-3.5.8/zookeeper-server/src/main/java/org/apache/zookeeper/client/ZooKeeperSaslClient.java
23:30:54.089 [main] INFO  com.example.mutantgen.MutantGenerator - 	RCS count: 2
23:30:54.089 [main] INFO  com.example.mutantgen.MutantGenerator - 	RNE count: 6
23:30:54.089 [main] INFO  com.example.mutantgen.MutantGenerator - File: /home/ubuntu/distributedSystems/zk/apache-zookeeper-3.5.8/zookeeper-server/src/main/java/org/apache/zookeeper/server/WatchManager.java
23:30:54.089 [main] INFO  com.example.mutantgen.MutantGenerator - 	RCS count: 1
23:30:54.089 [main] INFO  com.example.mutantgen.MutantGenerator - 	BCS count: 1
23:30:54.089 [main] INFO  com.example.mutantgen.MutantGenerator - 	NCS count: 1
23:30:54.089 [main] INFO  com.example.mutantgen.MutantGenerator - 	SCS count: 1
23:30:54.089 [main] INFO  com.example.mutantgen.MutantGenerator - File: /home/ubuntu/distributedSystems/zk/apache-zookeeper-3.5.8/zookeeper-server/src/main/java/org/apache/zookeeper/server/quorum/AuthFastLeaderElection.java
23:30:54.089 [main] INFO  com.example.mutantgen.MutantGenerator - 	RCS count: 2
23:30:54.089 [main] INFO  com.example.mutantgen.MutantGenerator - 	BCS count: 1
23:30:54.089 [main] INFO  com.example.mutantgen.MutantGenerator - 	NCS count: 1
23:30:54.089 [main] INFO  com.example.mutantgen.MutantGenerator - 	SCS count: 2
23:30:54.089 [main] INFO  com.example.mutantgen.MutantGenerator - File: /home/ubuntu/distributedSystems/zk/apache-zookeeper-3.5.8/zookeeper-server/src/main/java/org/apache/zookeeper/server/SnapshotFormatter.java
23:30:54.089 [main] INFO  com.example.mutantgen.MutantGenerator - 	RCS count: 1
23:30:54.089 [main] INFO  com.example.mutantgen.MutantGenerator - 	BCS count: 1
23:30:54.089 [main] INFO  com.example.mutantgen.MutantGenerator - 	NCS count: 1
23:30:54.089 [main] INFO  com.example.mutantgen.MutantGenerator - 	SCS count: 1
23:30:54.090 [main] INFO  com.example.mutantgen.MutantGenerator - File: /home/ubuntu/distributedSystems/zk/apache-zookeeper-3.5.8/zookeeper-server/src/main/java/org/apache/zookeeper/common/ZKHostnameVerifier.java
23:30:54.090 [main] INFO  com.example.mutantgen.MutantGenerator - 	RNE count: 2
23:30:54.090 [main] INFO  com.example.mutantgen.MutantGenerator - File: /home/ubuntu/distributedSystems/zk/apache-zookeeper-3.5.8/zookeeper-server/src/main/java/org/apache/zookeeper/server/auth/ProviderRegistry.java
23:30:54.090 [main] INFO  com.example.mutantgen.MutantGenerator - 	RCS count: 1
23:30:54.090 [main] INFO  com.example.mutantgen.MutantGenerator - 	NCS count: 1
23:30:54.090 [main] INFO  com.example.mutantgen.MutantGenerator - 	SCS count: 1
23:30:54.090 [main] INFO  com.example.mutantgen.MutantGenerator - File: /home/ubuntu/distributedSystems/zk/apache-zookeeper-3.5.8/zookeeper-server/src/main/java/org/apache/zookeeper/server/persistence/FileTxnSnapLog.java
23:30:54.090 [main] INFO  com.example.mutantgen.MutantGenerator - 	RCF count: 4
23:30:54.090 [main] INFO  com.example.mutantgen.MutantGenerator - File: /home/ubuntu/distributedSystems/zk/apache-zookeeper-3.5.8/zookeeper-server/src/main/java/org/apache/zookeeper/server/ZKDatabase.java
23:30:54.090 [main] INFO  com.example.mutantgen.MutantGenerator - 	RTS count: 3
23:30:54.090 [main] INFO  com.example.mutantgen.MutantGenerator - File: /home/ubuntu/distributedSystems/zk/apache-zookeeper-3.5.8/zookeeper-server/src/main/java/org/apache/zookeeper/server/quorum/auth/SaslQuorumAuthServer.java
23:30:54.090 [main] INFO  com.example.mutantgen.MutantGenerator - 	RNE count: 3
23:30:54.090 [main] INFO  com.example.mutantgen.MutantGenerator - File: /home/ubuntu/distributedSystems/zk/apache-zookeeper-3.5.8/zookeeper-server/src/main/java/org/apache/zookeeper/server/quorum/QuorumPeer.java
23:30:54.090 [main] INFO  com.example.mutantgen.MutantGenerator - 	RCS count: 9
23:30:54.090 [main] INFO  com.example.mutantgen.MutantGenerator - 	BCS count: 2
23:30:54.090 [main] INFO  com.example.mutantgen.MutantGenerator - 	NCS count: 3
23:30:54.090 [main] INFO  com.example.mutantgen.MutantGenerator - 	SCS count: 4
23:30:54.090 [main] INFO  com.example.mutantgen.MutantGenerator - File: /home/ubuntu/distributedSystems/zk/apache-zookeeper-3.5.8/zookeeper-server/src/main/java/org/apache/zookeeper/server/quorum/Learner.java
23:30:54.090 [main] INFO  com.example.mutantgen.MutantGenerator - 	RCS count: 3
23:30:54.090 [main] INFO  com.example.mutantgen.MutantGenerator - 	BCS count: 2
23:30:54.090 [main] INFO  com.example.mutantgen.MutantGenerator - 	MNT count: 1
23:30:54.090 [main] INFO  com.example.mutantgen.MutantGenerator - 	NCS count: 1
23:30:54.090 [main] INFO  com.example.mutantgen.MutantGenerator - 	SCS count: 2
23:30:54.090 [main] INFO  com.example.mutantgen.MutantGenerator - File: /home/ubuntu/distributedSystems/zk/apache-zookeeper-3.5.8/zookeeper-server/src/main/java/org/apache/zookeeper/server/quorum/Follower.java
23:30:54.090 [main] INFO  com.example.mutantgen.MutantGenerator - 	RCS count: 1
23:30:54.090 [main] INFO  com.example.mutantgen.MutantGenerator - File: /home/ubuntu/distributedSystems/zk/apache-zookeeper-3.5.8/zookeeper-server/src/main/java/org/apache/zookeeper/ClientCnxnSocketNIO.java
23:30:54.091 [main] INFO  com.example.mutantgen.MutantGenerator - 	RCS count: 2
23:30:54.091 [main] INFO  com.example.mutantgen.MutantGenerator - 	BCS count: 1
23:30:54.091 [main] INFO  com.example.mutantgen.MutantGenerator - File: /home/ubuntu/distributedSystems/zk/apache-zookeeper-3.5.8/zookeeper-server/src/main/java/org/apache/zookeeper/server/quorum/CommitProcessor.java
23:30:54.091 [main] INFO  com.example.mutantgen.MutantGenerator - 	RCS count: 1
23:30:54.091 [main] INFO  com.example.mutantgen.MutantGenerator - 	BCS count: 1
23:30:54.091 [main] INFO  com.example.mutantgen.MutantGenerator - File: /home/ubuntu/distributedSystems/zk/apache-zookeeper-3.5.8/zookeeper-server/src/main/java/org/apache/zookeeper/server/quorum/Leader.java
23:30:54.091 [main] INFO  com.example.mutantgen.MutantGenerator - 	MNR count: 1
23:30:54.091 [main] INFO  com.example.mutantgen.MutantGenerator - 	RCS count: 21
23:30:54.091 [main] INFO  com.example.mutantgen.MutantGenerator - 	MCT count: 4
23:30:54.091 [main] INFO  com.example.mutantgen.MutantGenerator - 	BCS count: 9
23:30:54.091 [main] INFO  com.example.mutantgen.MutantGenerator - 	RCE count: 3
23:30:54.091 [main] INFO  com.example.mutantgen.MutantGenerator - 	NCS count: 5
23:30:54.091 [main] INFO  com.example.mutantgen.MutantGenerator - 	SCS count: 5
23:30:54.091 [main] INFO  com.example.mutantgen.MutantGenerator - 	RRC count: 1
23:30:54.091 [main] INFO  com.example.mutantgen.MutantGenerator - File: /home/ubuntu/distributedSystems/zk/apache-zookeeper-3.5.8/zookeeper-server/src/main/java/org/apache/zookeeper/client/FourLetterWordMain.java
23:30:54.091 [main] INFO  com.example.mutantgen.MutantGenerator - 	MNT count: 3
23:30:54.091 [main] INFO  com.example.mutantgen.MutantGenerator - 	RRC count: 1
23:30:54.091 [main] INFO  com.example.mutantgen.MutantGenerator - File: /home/ubuntu/distributedSystems/zk/apache-zookeeper-3.5.8/zookeeper-server/src/main/java/org/apache/zookeeper/server/DataTree.java
23:30:54.091 [main] INFO  com.example.mutantgen.MutantGenerator - 	RCS count: 28
23:30:54.091 [main] INFO  com.example.mutantgen.MutantGenerator - 	BCS count: 15
23:30:54.091 [main] INFO  com.example.mutantgen.MutantGenerator - 	NCS count: 10
23:30:54.091 [main] INFO  com.example.mutantgen.MutantGenerator - 	SCS count: 16
23:30:54.091 [main] INFO  com.example.mutantgen.MutantGenerator - File: /home/ubuntu/distributedSystems/zk/apache-zookeeper-3.5.8/zookeeper-server/src/main/java/org/apache/zookeeper/server/quorum/UnifiedServerSocket.java
23:30:54.091 [main] INFO  com.example.mutantgen.MutantGenerator - 	MNR count: 2
23:30:54.091 [main] INFO  com.example.mutantgen.MutantGenerator - 	MNT count: 2
23:30:54.091 [main] INFO  com.example.mutantgen.MutantGenerator - 	RNE count: 3
23:30:54.091 [main] INFO  com.example.mutantgen.MutantGenerator - File: /home/ubuntu/distributedSystems/zk/apache-zookeeper-3.5.8/zookeeper-server/src/main/java/org/apache/zookeeper/server/NettyServerCnxnFactory.java
23:30:54.091 [main] INFO  com.example.mutantgen.MutantGenerator - 	RCS count: 5
23:30:54.091 [main] INFO  com.example.mutantgen.MutantGenerator - 	BCS count: 2
23:30:54.091 [main] INFO  com.example.mutantgen.MutantGenerator - 	NCS count: 1
23:30:54.091 [main] INFO  com.example.mutantgen.MutantGenerator - 	SCS count: 3
23:30:54.091 [main] INFO  com.example.mutantgen.MutantGenerator - File: /home/ubuntu/distributedSystems/zk/apache-zookeeper-3.5.8/zookeeper-server/src/main/java/org/apache/zookeeper/ClientCnxnSocketNetty.java
23:30:54.091 [main] INFO  com.example.mutantgen.MutantGenerator - 	RCS count: 1
23:30:54.091 [main] INFO  com.example.mutantgen.MutantGenerator - 	RTS count: 4
23:30:54.092 [main] INFO  com.example.mutantgen.MutantGenerator - 	MCT count: 1
23:30:54.092 [main] INFO  com.example.mutantgen.MutantGenerator - File: /home/ubuntu/distributedSystems/zk/apache-zookeeper-3.5.8/zookeeper-server/src/main/java/org/apache/zookeeper/server/WorkerService.java
23:30:54.092 [main] INFO  com.example.mutantgen.MutantGenerator - 	MCT count: 1
23:30:54.092 [main] INFO  com.example.mutantgen.MutantGenerator - File: /home/ubuntu/distributedSystems/zk/apache-zookeeper-3.5.8/zookeeper-server/src/main/java/org/apache/zookeeper/server/PrepRequestProcessor.java
23:30:54.092 [main] INFO  com.example.mutantgen.MutantGenerator - 	RCS count: 6
23:30:54.092 [main] INFO  com.example.mutantgen.MutantGenerator - 	BCS count: 2
23:30:54.092 [main] INFO  com.example.mutantgen.MutantGenerator - 	NCS count: 2
23:30:54.092 [main] INFO  com.example.mutantgen.MutantGenerator - 	SCS count: 4
23:30:54.092 [main] INFO  com.example.mutantgen.MutantGenerator - File: /home/ubuntu/distributedSystems/zk/apache-zookeeper-3.5.8/zookeeper-server/src/main/java/org/apache/zookeeper/server/quorum/flexible/QuorumHierarchical.java
23:30:54.092 [main] INFO  com.example.mutantgen.MutantGenerator - 	RCF count: 1
23:30:54.092 [main] INFO  com.example.mutantgen.MutantGenerator - File: /home/ubuntu/distributedSystems/zk/apache-zookeeper-3.5.8/zookeeper-server/src/main/java/org/apache/zookeeper/server/ZooKeeperSaslServer.java
23:30:54.092 [main] INFO  com.example.mutantgen.MutantGenerator - 	RCS count: 1
23:30:54.092 [main] INFO  com.example.mutantgen.MutantGenerator - 	SCS count: 1
23:30:54.092 [main] INFO  com.example.mutantgen.MutantGenerator - File: /home/ubuntu/distributedSystems/zk/apache-zookeeper-3.5.8/zookeeper-server/src/main/java/org/apache/zookeeper/server/quorum/LearnerHandler.java
23:30:54.092 [main] INFO  com.example.mutantgen.MutantGenerator - 	MNR count: 3
23:30:54.092 [main] INFO  com.example.mutantgen.MutantGenerator - 	RCS count: 2
23:30:54.092 [main] INFO  com.example.mutantgen.MutantGenerator - 	RTS count: 1
23:30:54.092 [main] INFO  com.example.mutantgen.MutantGenerator - 	MCT count: 1
23:30:54.092 [main] INFO  com.example.mutantgen.MutantGenerator - 	BCS count: 2
23:30:54.092 [main] INFO  com.example.mutantgen.MutantGenerator - 	RNE count: 1
23:30:54.092 [main] INFO  com.example.mutantgen.MutantGenerator - File: /home/ubuntu/distributedSystems/zk/apache-zookeeper-3.5.8/zookeeper-server/src/main/java/org/apache/zookeeper/ZooKeeper.java
23:30:54.092 [main] INFO  com.example.mutantgen.MutantGenerator - 	RCS count: 25
23:30:54.092 [main] INFO  com.example.mutantgen.MutantGenerator - 	BCS count: 10
23:30:54.092 [main] INFO  com.example.mutantgen.MutantGenerator - 	NCS count: 1
23:30:54.092 [main] INFO  com.example.mutantgen.MutantGenerator - 	SCS count: 14
23:30:54.092 [main] INFO  com.example.mutantgen.MutantGenerator - File: /home/ubuntu/distributedSystems/zk/apache-zookeeper-3.5.8/zookeeper-server/src/main/java/org/apache/zookeeper/jmx/MBeanRegistry.java
23:30:54.092 [main] INFO  com.example.mutantgen.MutantGenerator - 	RCS count: 2
23:30:54.092 [main] INFO  com.example.mutantgen.MutantGenerator - 	SCS count: 1
23:30:54.092 [main] INFO  com.example.mutantgen.MutantGenerator - File: /home/ubuntu/distributedSystems/zk/apache-zookeeper-3.5.8/zookeeper-server/src/main/java/org/apache/zookeeper/server/quorum/auth/SaslQuorumAuthLearner.java
23:30:54.092 [main] INFO  com.example.mutantgen.MutantGenerator - 	RCS count: 1
23:30:54.092 [main] INFO  com.example.mutantgen.MutantGenerator - 	RNE count: 8
23:30:54.176 [main] INFO  com.example.testRunner.AllRunner - AuthFastLeaderElection	-DskipTests
